Build started 12/9/2017 4:06:39 PM.
     1>Project "C:\Users\mimtiaz\Documents\Visual Studio 2010\Projects\CodingPracticeProjects\leftRigtRotationOfArray\leftRigtRotationOfArray\leftRigtRotationOfArray.vcxproj" on node 2 (build target(s)).
     1>InitializeBuildStatus:
         Touching "Debug\leftRigtRotationOfArray.unsuccessfulbuild".
       ClCompile:
         c:\Program Files (x86)\Microsoft Visual Studio 10.0\VC\BIN\CL.exe /c /I"C:\Program Files (x86)\Visual Leak Detector\include" /ZI /nologo /W3 /WX- /Od /Oy- /D WIN32 /D _DEBUG /D _CONSOLE /D _UNICODE /D UNICODE /Gm /EHsc /RTC1 /MDd /GS /fp:precise /Zc:wchar_t /Zc:forScope /Fo"Debug\\" /Fd"Debug\vc100.pdb" /Gd /TP /analyze- /errorReport:prompt main.cpp
         main.cpp
     1>c:\users\mimtiaz\documents\visual studio 2010\projects\codingpracticeprojects\leftrigtrotationofarray\leftrigtrotationofarray\main.cpp(10): warning C4018: '<' : signed/unsigned mismatch
     1>c:\users\mimtiaz\documents\visual studio 2010\projects\codingpracticeprojects\leftrigtrotationofarray\leftrigtrotationofarray\main.cpp(11): warning C4018: '>=' : signed/unsigned mismatch
       ManifestResourceCompile:
         All outputs are up-to-date.
       Link:
         c:\Program Files (x86)\Microsoft Visual Studio 10.0\VC\BIN\link.exe /ERRORREPORT:PROMPT /OUT:"C:\Users\mimtiaz\Documents\Visual Studio 2010\Projects\CodingPracticeProjects\leftRigtRotationOfArray\Debug\leftRigtRotationOfArray.exe" /INCREMENTAL /NOLOGO /LIBPATH:"C:\Program Files (x86)\Visual Leak Detector\lib\Win32" kernel32.lib user32.lib gdi32.lib winspool.lib comdlg32.lib advapi32.lib shell32.lib ole32.lib oleaut32.lib uuid.lib odbc32.lib odbccp32.lib /MANIFEST /ManifestFile:"Debug\leftRigtRotationOfArray.exe.intermediate.manifest" /MANIFESTUAC:"level='asInvoker' uiAccess='false'" /DEBUG /PDB:"C:\Users\mimtiaz\Documents\Visual Studio 2010\Projects\CodingPracticeProjects\leftRigtRotationOfArray\Debug\leftRigtRotationOfArray.pdb" /SUBSYSTEM:CONSOLE /TLBID:1 /DYNAMICBASE /NXCOMPAT /IMPLIB:"C:\Users\mimtiaz\Documents\Visual Studio 2010\Projects\CodingPracticeProjects\leftRigtRotationOfArray\Debug\leftRigtRotationOfArray.lib" /MACHINE:X86 Debug\leftRigtRotationOfArray.exe.embed.manifest.res
         Debug\main.obj
       Manifest:
         C:\Program Files (x86)\Microsoft SDKs\Windows\v7.0A\bin\mt.exe /nologo /verbose /out:"Debug\leftRigtRotationOfArray.exe.embed.manifest" /manifest Debug\leftRigtRotationOfArray.exe.intermediate.manifest
         All outputs are up-to-date.
       LinkEmbedManifest:
         All outputs are up-to-date.
         leftRigtRotationOfArray.vcxproj -> C:\Users\mimtiaz\Documents\Visual Studio 2010\Projects\CodingPracticeProjects\leftRigtRotationOfArray\Debug\leftRigtRotationOfArray.exe
       FinalizeBuildStatus:
         Deleting file "Debug\leftRigtRotationOfArray.unsuccessfulbuild".
         Touching "Debug\leftRigtRotationOfArray.lastbuildstate".
     1>Done Building Project "C:\Users\mimtiaz\Documents\Visual Studio 2010\Projects\CodingPracticeProjects\leftRigtRotationOfArray\leftRigtRotationOfArray\leftRigtRotationOfArray.vcxproj" (build target(s)).

Build succeeded.

Time Elapsed 00:00:01.02
